Build started 2016-01-19 14:13:44.
     1>Project "c:\Users\Filip\documents\visual studio 2013\Projects\NAI_TEST\NAI_TEST\NAI_TEST.vcxproj" on node 2 (Build target(s)).
     1>Link:
         C:\Program Files (x86)\Microsoft Visual Studio 12.0\VC\bin\link.exe /ERRORREPORT:PROMPT /OUT:"c:\users\filip\documents\visual studio 2013\Projects\NAI_TEST\Debug\NAI_TEST.exe" /INCREMENTAL /NOLOGO /LIBPATH:C:\opencv\opencv\build\\x64\vc14\lib opencv_world310.lib opencv_world310d.lib kernel32.lib user32.lib gdi32.lib winspool.lib comdlg32.lib advapi32.lib shell32.lib ole32.lib oleaut32.lib uuid.lib odbc32.lib odbccp32.lib /MANIFEST /MANIFESTUAC:"level='asInvoker' uiAccess='false'" /manifest:embed /DEBUG /PDB:"c:\users\filip\documents\visual studio 2013\Projects\NAI_TEST\Debug\NAI_TEST.pdb" /SUBSYSTEM:CONSOLE /TLBID:1 /DYNAMICBASE /NXCOMPAT /IMPLIB:"c:\users\filip\documents\visual studio 2013\Projects\NAI_TEST\Debug\NAI_TEST.lib" /MACHINE:X64 Debug\NAI_TEST.obj
         Debug\stdafx.obj
     1>Debug\NAI_TEST.obj : fatal error LNK1112: module machine type 'X86' conflicts with target machine type 'x64'
     1>Done Building Project "c:\Users\Filip\documents\visual studio 2013\Projects\NAI_TEST\NAI_TEST\NAI_TEST.vcxproj" (Build target(s)) -- FAILED.

Build FAILED.

Time Elapsed 00:00:00.10
